<?xml version="1.0" encoding="UTF-8"?>
<!-- Generated by org.testng.reporters.JUnitReportReporter -->
<testsuite skipped="0" hostname="alzoghby" name="TestSelenium.AdminAddBrandStoreis" tests="1" failures="0" timestamp="06 ماي 2018 16:50:12 GMT" time="24.488" errors="0">
  <testcase name="AdminAddBrand" time="24.488" classname="TestSelenium.AdminAddBrandStoreis"/>
</testsuite> <!-- TestSelenium.AdminAddBrandStoreis -->
