<?xml version="1.0" encoding="UTF-8"?>
<!-- Generated by org.testng.reporters.JUnitReportReporter -->
<testsuite skipped="0" hostname="alzoghby" name="TestSelenium.TestSignUp" tests="1" failures="0" timestamp="06 ماي 2018 22:57:39 GMT" time="26.091" errors="0">
  <testcase name="SignUpStory" time="26.091" classname="TestSelenium.TestSignUp"/>
</testsuite> <!-- TestSelenium.TestSignUp -->
