<?xml version="1.0" encoding="UTF-8"?>
<!-- Generated by org.testng.reporters.JUnitReportReporter -->
<testsuite skipped="0" hostname="alzoghby" name="TestSelenium.NewTest" tests="1" failures="0" timestamp="06 ماي 2018 13:39:52 GMT" time="21.730" errors="0">
  <testcase name="f" time="21.730" classname="TestSelenium.NewTest"/>
</testsuite> <!-- TestSelenium.NewTest -->
