<?xml version="1.0" encoding="UTF-8"?>
<!-- Generated by org.testng.reporters.JUnitReportReporter -->
<testsuite skipped="0" hostname="alzoghby" name="TestSelenium.TestLogIn" tests="1" failures="0" timestamp="07 ماي 2018 10:23:31 GMT" time="14.517" errors="0">
  <testcase name="TestLogin" time="14.517" classname="TestSelenium.TestLogIn"/>
</testsuite> <!-- TestSelenium.TestLogIn -->
