<?xml version="1.0" encoding="UTF-8"?>
<!-- Generated by org.testng.reporters.JUnitReportReporter -->
<testsuite skipped="0" hostname="alzoghby" name="TestSelenium.StoreOwnerStories" tests="7" failures="0" timestamp="07 ماي 2018 10:07:16 GMT" time="235.199" errors="0">
  <testcase name="OwnerSuggestProductStory" time="34.042" classname="TestSelenium.StoreOwnerStories"/>
  <testcase name="DeleteProductStory" time="19.091" classname="TestSelenium.StoreOwnerStories"/>
  <testcase name="EditProductStory" time="19.489" classname="TestSelenium.StoreOwnerStories"/>
  <testcase name="OwnerSuggestStoreStory" time="20.940" classname="TestSelenium.StoreOwnerStories"/>
  <testcase name="SeeStatisticsStory" time="17.240" classname="TestSelenium.StoreOwnerStories"/>
  <testcase name="SeeActionsStory" time="39.730" classname="TestSelenium.StoreOwnerStories"/>
  <testcase name="AddCollaboratorStory" time="84.667" classname="TestSelenium.StoreOwnerStories"/>
</testsuite> <!-- TestSelenium.StoreOwnerStories -->
