<?xml version="1.0" encoding="UTF-8"?>
<!-- Generated by org.testng.reporters.JUnitReportReporter -->
<testsuite skipped="0" hostname="alzoghby" name="TestSelenium.AdminStories" tests="3" failures="0" timestamp="07 ماي 2018 10:18:30 GMT" time="28.281" errors="0">
  <testcase name="AdminAddBrand" time="9.714" classname="TestSelenium.AdminStories"/>
  <testcase name="AdminAcceptProductSuggested" time="10.472" classname="TestSelenium.AdminStories"/>
  <testcase name="AdminAcceptStoresSuggested" time="8.095" classname="TestSelenium.AdminStories"/>
</testsuite> <!-- TestSelenium.AdminStories -->
