<?xml version="1.0" encoding="UTF-8"?>
<!-- Generated by org.testng.reporters.JUnitReportReporter -->
<testsuite skipped="0" hostname="alzoghby" name="TestSelenium.TestLogOn2" tests="1" failures="0" timestamp="06 ماي 2018 16:39:57 GMT" time="20.661" errors="0">
  <testcase name="TestLogin" time="20.661" classname="TestSelenium.TestLogOn2"/>
</testsuite> <!-- TestSelenium.TestLogOn2 -->
